<?xml version="1.0" encoding="UTF-8"?>
<!-- Generated by org.testng.reporters.JUnitReportReporter -->
<testsuite hostname="VAIO" name="taskTestNG.EmployeeTest2" tests="5" failures="0" timestamp="15 Mar 2017 12:38:13 GMT" time="0.027" errors="0">
  <testcase name="testCalculateTaxesOnNaturalPerson1" time="0.002" classname="taskTestNG.EmployeeTest2"/>
  <testcase name="testCalculateFinancialAid1" time="0.003" classname="taskTestNG.EmployeeTest2"/>
  <testcase name="testCalculateSalary" time="0.001" classname="taskTestNG.EmployeeTest2"/>
  <testcase name="testCalculateSalary3" time="0.001" classname="taskTestNG.EmployeeTest2"/>
  <testcase name="testCalculateDetailsPerHour1" time="0.020" classname="taskTestNG.EmployeeTest2"/>
</testsuite> <!-- taskTestNG.EmployeeTest2 -->
